<?xml version="1.0" encoding="UTF-8"?>
<!-- Generated by org.testng.reporters.JUnitReportReporter -->
<testsuite hostname="Rahuls-MacBook-Air.local" failures="0" tests="1" name="LoginTest" time="0.022" errors="0" timestamp="22 May 2021 17:16:39 GMT" skipped="0">
  <testcase classname="LoginTest" name="validatelink" time="0.022"/>
</testsuite> <!-- LoginTest -->
