<?xml version="1.0" encoding="UTF-8"?>
<!-- Generated by org.testng.reporters.JUnitReportReporter -->
<testsuite hostname="Rahuls-MacBook-Air.local" failures="0" tests="1" name="com.org.Test.BaseTest" time="16.176" errors="0" timestamp="27 May 2021 21:15:46 GMT" skipped="0">
  <testcase classname="com.org.Test.BaseTest" name="test1" time="16.176"/>
</testsuite> <!-- com.org.Test.BaseTest -->
