<?xml version="1.0" encoding="UTF-8"?>
<!-- Generated by org.testng.reporters.JUnitReportReporter -->
<testsuite hostname="Rahuls-MacBook-Air.local" failures="0" tests="1" name="com.org.Test.DataDrivenTest" time="0.000" errors="0" timestamp="29 May 2021 19:47:35 GMT" skipped="1">
  <testcase classname="com.org.Test.DataDrivenTest" name="testRegisteration" time="0.000">
    <skipped/>
  </testcase> <!-- testRegisteration -->
</testsuite> <!-- com.org.Test.DataDrivenTest -->
