<?xml version="1.0" encoding="UTF-8"?>
<!-- Generated by org.testng.reporters.JUnitReportReporter -->
<testsuite hostname="Rahuls-MacBook-Air.local" failures="0" tests="5" name="com.org.Test.InvocationCount" time="0.010" errors="0" timestamp="27 May 2021 21:15:46 GMT" skipped="0">
  <testcase classname="com.org.Test.InvocationCount" name="testInvocation" time="0.001"/>
  <testcase classname="com.org.Test.InvocationCount" name="testInvocation" time="0.002"/>
  <testcase classname="com.org.Test.InvocationCount" name="testInvocation" time="0.004"/>
  <testcase classname="com.org.Test.InvocationCount" name="testInvocation" time="0.002"/>
  <testcase classname="com.org.Test.InvocationCount" name="testInvocation" time="0.001"/>
</testsuite> <!-- com.org.Test.InvocationCount -->
